<?xml version="1.0" encoding="UTF-8"?>
<testng-results skipped="0" failed="0" ignored="0" total="1" passed="1">
  <reporter-output>
  </reporter-output>
  <suite name="SALIDO Application Test Automation Test Suite" duration-ms="13299" started-at="2019-02-28T09:15:18Z" finished-at="2019-02-28T09:15:31Z">
    <groups>
    </groups>
    <test name="Free CRM App Test Cases" duration-ms="13299" started-at="2019-02-28T09:15:18Z" finished-at="2019-02-28T09:15:31Z">
      <class name="mind.salido.pos.testcases.LoginPageTest">
        <test-method status="PASS" signature="Launched()[pri:0, instance:mind.salido.pos.testcases.LoginPageTest@68c4039c]" name="Launched" is-config="true" duration-ms="6621" started-at="2019-02-28T14:45:18Z" finished-at="2019-02-28T14:45:24Z">
          <reporter-output>
          </reporter-output>
        </test-method> <!-- Launched -->
        <test-method status="PASS" signature="FirstScenario()[pri:0, instance:mind.salido.pos.testcases.LoginPageTest@68c4039c]" name="FirstScenario" duration-ms="6497" started-at="2019-02-28T14:45:24Z" finished-at="2019-02-28T14:45:31Z">
          <reporter-output>
          </reporter-output>
        </test-method> <!-- FirstScenario -->
        <test-method status="PASS" signature="close()[pri:0, instance:mind.salido.pos.testcases.LoginPageTest@68c4039c]" name="close" is-config="true" duration-ms="165" started-at="2019-02-28T14:45:31Z" finished-at="2019-02-28T14:45:31Z">
          <reporter-output>
          </reporter-output>
        </test-method> <!-- close -->
      </class> <!-- mind.salido.pos.testcases.LoginPageTest -->
    </test> <!-- Free CRM App Test Cases -->
  </suite> <!-- SALIDO Application Test Automation Test Suite -->
</testng-results>
